2023-04-03T01:57:12.431815Z 0 [Warning] [MY-010097] [Server] Insecure configuration for --secure-file-priv: Current value does not restrict location of generated files. Consider setting it to a valid, non-empty path.
2023-04-03T01:57:12.431897Z 0 [Warning] [MY-010918] [Server] 'default_authentication_plugin' is deprecated and will be removed in a future release. Please use authentication_policy instead.
2023-04-03T01:57:12.431943Z 0 [System] [MY-010116] [Server] C:\laragon\bin\mysql\mysql-8.0.30-winx64\bin\mysqld (mysqld 8.0.30) starting as process 18040
2023-04-03T01:57:12.486280Z 1 [System] [MY-013576] [InnoDB] InnoDB initialization has started.
2023-04-03T01:57:12.924242Z 1 [System] [MY-013577] [InnoDB] InnoDB initialization has ended.
2023-04-03T01:57:13.507999Z 0 [Warning] [MY-013829] [Server] Missing data directory for ICU regular expressions: C:\laragon\bin\mysql\mysql-8.0.30-winx64\lib\private\.
2023-04-03T01:57:13.514703Z 0 [Warning] [MY-010068] [Server] CA certificate ca.pem is self signed.
2023-04-03T01:57:13.515565Z 0 [System] [MY-013602] [Server] Channel mysql_main configured to support TLS. Encrypted connections are now supported for this channel.
2023-04-03T01:57:13.573638Z 0 [System] [MY-011323] [Server] X Plugin ready for connections. Bind-address: '::' port: 33060
2023-04-03T01:57:13.573821Z 0 [System] [MY-010931] [Server] C:\laragon\bin\mysql\mysql-8.0.30-winx64\bin\mysqld: ready for connections. Version: '8.0.30'  socket: ''  port: 3306  MySQL Community Server - GPL.
2023-04-03T01:58:19.902651Z 8 [System] [MY-013172] [Server] Received SHUTDOWN from user root. Shutting down mysqld (Version: 8.0.30).
2023-04-03T01:58:19.903850Z 0 [System] [MY-013105] [Server] C:\laragon\bin\mysql\mysql-8.0.30-winx64\bin\mysqld: Normal shutdown.
2023-04-03T01:58:20.319011Z 0 [System] [MY-010910] [Server] C:\laragon\bin\mysql\mysql-8.0.30-winx64\bin\mysqld: Shutdown complete (mysqld 8.0.30)  MySQL Community Server - GPL.
2023-04-03T01:59:41.318748Z 0 [Warning] [MY-010097] [Server] Insecure configuration for --secure-file-priv: Current value does not restrict location of generated files. Consider setting it to a valid, non-empty path.
2023-04-03T01:59:41.318837Z 0 [Warning] [MY-010918] [Server] 'default_authentication_plugin' is deprecated and will be removed in a future release. Please use authentication_policy instead.
2023-04-03T01:59:41.318892Z 0 [System] [MY-010116] [Server] C:\laragon\bin\mysql\mysql-8.0.30-winx64\bin\mysqld (mysqld 8.0.30) starting as process 13052
2023-04-03T01:59:41.361654Z 1 [System] [MY-013576] [InnoDB] InnoDB initialization has started.
2023-04-03T01:59:41.815345Z 1 [System] [MY-013577] [InnoDB] InnoDB initialization has ended.
2023-04-03T01:59:42.310205Z 0 [Warning] [MY-013829] [Server] Missing data directory for ICU regular expressions: C:\laragon\bin\mysql\mysql-8.0.30-winx64\lib\private\.
2023-04-03T01:59:42.316838Z 0 [Warning] [MY-010068] [Server] CA certificate ca.pem is self signed.
2023-04-03T01:59:42.317777Z 0 [System] [MY-013602] [Server] Channel mysql_main configured to support TLS. Encrypted connections are now supported for this channel.
2023-04-03T01:59:42.381132Z 0 [System] [MY-011323] [Server] X Plugin ready for connections. Bind-address: '::' port: 33060
2023-04-03T01:59:42.381344Z 0 [System] [MY-010931] [Server] C:\laragon\bin\mysql\mysql-8.0.30-winx64\bin\mysqld: ready for connections. Version: '8.0.30'  socket: ''  port: 3306  MySQL Community Server - GPL.
